=== DEPLOY READINESS START Mon 05/04/2026 18:48:29.43 ===

=== BUILD ===

> goinvo-website@0.1.0 build
> next build

▲ Next.js 16.1.6 (Turbopack)
- Environments: .env.local
- Experiments (use with caution):
  ✓ viewTransition

  Creating an optimized production build ...
✓ Compiled successfully in 12.3s
  Running TypeScript ...
  Collecting page data using 31 workers ...
  Generating static pages using 31 workers (0/109) ...
  Generating static pages using 31 workers (27/109) 
  Generating static pages using 31 workers (54/109) 
  Generating static pages using 31 workers (81/109) 
✓ Generating static pages using 31 workers (109/109) in 923.7ms
  Finalizing page optimization ...

Route (app)
┌ ○ /
├ ○ /_not-found
├ ○ /about
├ ○ /about/careers
├ ○ /about/open-office-hours
├ ○ /about/studio-timeline
├ ○ /ai
├ ƒ /api/create-draft
├ ƒ /api/delete-draft
├ ƒ /api/draft-mode/disable
├ ƒ /api/draft-mode/enable
├ ○ /apple-icon.png
├ ○ /contact
├ ○ /enterprise
├ ○ /government
├ ○ /icon.png
├ ○ /open-source-health-design
├ ○ /patient-engagement
├ ○ /robots.txt
├ ○ /services
├ ○ /sitemap.xml
├ ƒ /studio/[[...tool]]
├ ○ /thank-you
├ ○ /vision
├ ● /vision/[slug]
│ ├ /vision/ai-design-certification
│ ├ /vision/rethinking-ai-beyond-chat
│ ├ /vision/human-centered-design-for-ai
│ └ [+34 more paths]
├ ○ /vision/augmented-clinical-decision-support
├ ○ /vision/bathroom-to-healthroom
├ ○ /vision/care-plans
├ ○ /vision/care-plans/part-1
├ ○ /vision/care-plans/part-2
├ ○ /vision/care-plans/part-3
├ ○ /vision/coronavirus
├ ○ /vision/determinants-of-health
├ ○ /vision/digital-healthcare
├ ○ /vision/disrupt
├ ○ /vision/disrupt/part-2
├ ○ /vision/disrupt/part-3
├ ○ /vision/disrupt/part-4
├ ○ /vision/disrupt/part-5
├ ○ /vision/disrupt/part-6
├ ○ /vision/ebola-care-guideline
├ ○ /vision/experiments
├ ○ /vision/healing-us-healthcare
├ ○ /vision/health-visualizations
├ ○ /vision/killer-truths
├ ○ /vision/living-health-lab
├ ○ /vision/oral-history-goinvo
├ ○ /vision/primary-self-care-algorithms
├ ○ /vision/print-big
├ ○ /vision/public-healthroom
├ ○ /vision/redesign-democracy
├ ○ /vision/understanding-ebola
├ ○ /vision/understanding-zika
├ ○ /vision/us-healthcare-problems
├ ○ /vision/visual-storytelling-with-genai
├ ○ /why-hire-healthcare-design-studio
├ ƒ /work
├ ● /work/[slug]
│ ├ /work/ipsos-facto
│ ├ /work/prior-auth
│ ├ /work/public-sector
│ └ [+24 more paths]
└ ○ /work/mitre-state-of-us-healthcare/demo


○  (Static)   prerendered as static content
●  (SSG)      prerendered as static HTML (uses generateStaticParams)
ƒ  (Dynamic)  server-rendered on demand

*** BUILD OK ***

=== TESTS ===

> goinvo-website@0.1.0 test
> vitest run


[1m[46m RUN [49m[22m [36mv4.1.2 [39m[90mC:/Users/quest/Programming/GoInvo/goinvo-website[39m

 [32m✓[39m tests/article-card-placeholders.test.ts [2m([22m[2m1 test[22m[2m)[22m[32m 3[2mms[22m[39m
 [32m✓[39m tests/vision-live-preview.test.ts [2m([22m[2m3 tests[22m[2m)[22m[32m 5[2mms[22m[39m
 [32m✓[39m tests/studio-css.test.ts [2m([22m[2m2 tests[22m[2m)[22m[32m 4[2mms[22m[39m
 [32m✓[39m tests/live-preview-refresh.test.ts [2m([22m[2m2 tests[22m[2m)[22m[32m 7[2mms[22m[39m
 [32m✓[39m tests/feature-display.test.ts [2m([22m[2m2 tests[22m[2m)[22m[32m 3[2mms[22m[39m
[90mstdout[2m | tests/sanity-content.test.ts
[22m[39m[dotenv@17.3.1] injecting env (5) from .env.local -- tip: ⚙️  override existing env vars with { override: true }

[90mstdout[2m | tests/media-integrity.test.ts
[22m[39m[dotenv@17.3.1] injecting env (5) from .env.local -- tip: 🛡️ auth for agents: https://vestauth.com

 [32m✓[39m tests/sanity-content.test.ts [2m([22m[2m12 tests[22m[2m)[22m[33m 709[2mms[22m[39m
[90mstdout[2m | tests/link-parity.test.ts[2m > [22m[2mLink Parity (Next.js vs Gatsby)[2m > [22m[2mserver must be running — tests will report real failures, not silently skip
[22m[39mFound 80 pages to check

[90mstdout[2m | tests/link-parity.test.ts[2m > [22m[2mLink Parity (Next.js vs Gatsby)[2m > [22m[2mall vision page links should use correct Gatsby path (/vision/ vs /features/)
[22m[39mChecking 38 vision pages against Gatsby...

 [32m✓[39m tests/portable-text-authoring.test.ts [2m([22m[2m1 test[22m[2m)[22m[32m 4[2mms[22m[39m
 [32m✓[39m tests/orderable-presets.test.ts [2m([22m[2m9 tests[22m[2m)[22m[32m 9[2mms[22m[39m
 [32m✓[39m tests/feature-current-authoring.test.ts [2m([22m[2m4 tests[22m[2m)[22m[32m 7[2mms[22m[39m
 [32m✓[39m tests/feature-authoring.test.ts [2m([22m[2m8 tests[22m[2m)[22m[32m 7[2mms[22m[39m
[90mstdout[2m | tests/link-parity.test.ts[2m > [22m[2mLink Parity (Next.js vs Gatsby)[2m > [22m[2mall vision page links should use correct Gatsby path (/vision/ vs /features/)
[22m[39m  INFO: care-plans not found on Gatsby (new page?)

[90mstdout[2m | tests/link-parity.test.ts[2m > [22m[2mLink Parity (Next.js vs Gatsby)[2m > [22m[2mall vision page links should use correct Gatsby path (/vision/ vs /features/)
[22m[39m  INFO: bathroom-to-healthroom not found on Gatsby (new page?)

 [32m✓[39m tests/media-integrity.test.ts [2m([22m[2m6 tests[22m[2m)[22m[33m 8953[2mms[22m[39m
     [33m[2m✓[22m[39m should have all Sanity video embed URLs reachable [33m 698[2mms[22m[39m
     [33m[2m✓[22m[39m should have all video poster images reachable [33m 645[2mms[22m[39m
     [33m[2m✓[22m[39m should have all iframe embed URLs reachable (excluding known Figma 404s) [33m 3025[2mms[22m[39m
     [33m[2m✓[22m[39m should have all CloudFront images in static overrides reachable [33m 3963[2mms[22m[39m
 [32m✓[39m tests/link-parity.test.ts [2m([22m[2m4 tests[22m[2m)[22m[33m 34309[2mms[22m[39m
     [33m[2m✓[22m[39m all vision page links should use correct Gatsby path (/vision/ vs /features/) [33m 6132[2mms[22m[39m
     [33m[2m✓[22m[39m no links should point to /features/ paths (relative or absolute) [33m 24039[2mms[22m[39m
     [33m[2m✓[22m[39m pages that only exist at /features/ on Gatsby should have redirects [33m 2033[2mms[22m[39m
 [31m❯[39m tests/page-render.test.ts [2m([22m[2m6 tests[22m[2m | [22m[31m2 failed[39m[2m)[22m[33m 118590[2mms[22m[39m
     [32m✓[39m should have a running server with sitemap[32m 1[2mms[22m[39m
[31m     [31m×[31m should return 200 for all sitemap pages[39m[33m 30002[2mms[22m[39m
[31m     [31m×[31m should have no broken CloudFront image URLs on any page[39m[33m 30005[2mms[22m[39m
     [33m[2m✓[22m[39m should have no broken video source URLs [33m 20152[2mms[22m[39m
     [33m[2m✓[22m[39m should have no pages with missing <title> tag [33m 21638[2mms[22m[39m
     [33m[2m✓[22m[39m should have no pages rendering unknown Portable Text block warnings [33m 16443[2mms[22m[39m

[31m⎯⎯⎯⎯⎯⎯⎯[39m[1m[41m Failed Tests 2 [49m[22m[31m⎯⎯⎯⎯⎯⎯⎯[39m

[41m[1m FAIL [22m[49m tests/page-render.test.ts[2m > [22mPage Rendering[2m > [22mshould return 200 for all sitemap pages
[31m[1mError[22m: Test timed out in 30000ms.
If this is a long-running test, pass a timeout value as the last argument or configure it globally with "testTimeout".[39m
[36m [2m❯[22m tests/page-render.test.ts:[2m44:3[22m[39m
    [90m 42|[39m   })
    [90m 43|[39m
    [90m 44|[39m   [34mit[39m([32m'should return 200 for all sitemap pages'[39m[33m,[39m [35masync[39m () [33m=>[39m {
    [90m   |[39m   [31m^[39m
    [90m 45|[39m     [35mif[39m ([33m![39mserverAvailable) [35mreturn[39m
    [90m 46|[39m

[31m[2m⎯⎯⎯⎯⎯⎯⎯⎯⎯⎯⎯⎯⎯⎯⎯⎯⎯⎯⎯⎯⎯⎯⎯⎯[1/2]⎯[22m[39m

[41m[1m FAIL [22m[49m tests/page-render.test.ts[2m > [22mPage Rendering[2m > [22mshould have no broken CloudFront image URLs on any page
[31m[1mError[22m: Test timed out in 30000ms.
If this is a long-running test, pass a timeout value as the last argument or configure it globally with "testTimeout".[39m
[36m [2m❯[22m tests/page-render.test.ts:[2m61:3[22m[39m
    [90m 59|[39m   })
    [90m 60|[39m
    [90m 61|[39m   it('should have no broken CloudFront image URLs on any page', async …
    [90m   |[39m   [31m^[39m
    [90m 62|[39m     [35mif[39m ([33m![39mserverAvailable) [35mreturn[39m
    [90m 63|[39m

[31m[2m⎯⎯⎯⎯⎯⎯⎯⎯⎯⎯⎯⎯⎯⎯⎯⎯⎯⎯⎯⎯⎯⎯⎯⎯[2/2]⎯[22m[39m


[2m Test Files [22m [1m[31m1 failed[39m[22m[2m | [22m[1m[32m12 passed[39m[22m[90m (13)[39m
[2m      Tests [22m [1m[31m2 failed[39m[22m[2m | [22m[1m[32m58 passed[39m[22m[90m (60)[39m
[2m   Start at [22m 18:49:01
[2m   Duration [22m 118.91s[2m (transform 1.00s, setup 0ms, import 13.58s, tests 162.61s, environment 1ms)[22m

*** TESTS exit code: 1 ***

=== GIT STATUS BEFORE COMMIT ===
 M src/app/(main)/vision/care-plans/careplans.css
 M src/components/home/HomeContent.tsx
 M src/sanity/tools/gettingStarted.tsx
?? deploy-check.bat
?? deploy-check.log

=== COMMIT ===
